0 info it worked if it ends with ok
1 verbose cli [ '/usr/bin/nodejs', '/usr/bin/npm', 'install', '-g', 'ssh2' ]
2 info using npm@2.15.5
3 info using node@v4.4.5
4 verbose install initial load of /usr/lib/package.json
5 verbose readDependencies loading dependencies from /usr/lib/package.json
6 silly cache add args [ 'ssh2', null ]
7 verbose cache add spec ssh2
8 silly cache add parsed spec Result {
8 silly cache add   raw: 'ssh2',
8 silly cache add   scope: null,
8 silly cache add   name: 'ssh2',
8 silly cache add   rawSpec: '',
8 silly cache add   spec: 'latest',
8 silly cache add   type: 'tag' }
9 silly addNamed ssh2@latest
10 verbose addNamed "latest" is being treated as a dist-tag for ssh2
11 info addNameTag [ 'ssh2', 'latest' ]
12 silly mapToRegistry name ssh2
13 silly mapToRegistry using default registry
14 silly mapToRegistry registry https://registry.npmjs.org/
15 silly mapToRegistry data Result {
15 silly mapToRegistry   raw: 'ssh2',
15 silly mapToRegistry   scope: null,
15 silly mapToRegistry   name: 'ssh2',
15 silly mapToRegistry   rawSpec: '',
15 silly mapToRegistry   spec: 'latest',
15 silly mapToRegistry   type: 'tag' }
16 silly mapToRegistry uri https://registry.npmjs.org/ssh2
17 verbose addNameTag registry:https://registry.npmjs.org/ssh2 not in flight; fetching
18 verbose request uri https://registry.npmjs.org/ssh2
19 verbose request no auth needed
20 info attempt registry request try #1 at 12:01:42 AM
21 verbose request id acfc68a0dc452c2c
22 verbose etag "1W2W4362P9Z1ZY6EH4Y2QHAXF"
23 http request GET https://registry.npmjs.org/ssh2
24 http 304 https://registry.npmjs.org/ssh2
25 verbose headers { date: 'Wed, 28 Sep 2016 22:01:42 GMT',
25 verbose headers   via: '1.1 varnish',
25 verbose headers   'cache-control': 'max-age=300',
25 verbose headers   etag: '"1W2W4362P9Z1ZY6EH4Y2QHAXF"',
25 verbose headers   age: '135',
25 verbose headers   connection: 'keep-alive',
25 verbose headers   'x-served-by': 'cache-bma7029-BMA',
25 verbose headers   'x-cache': 'HIT',
25 verbose headers   'x-cache-hits': '1',
25 verbose headers   'x-timer': 'S1475100102.668369,VS0,VE0',
25 verbose headers   vary: 'Accept-Encoding' }
26 silly get cb [ 304,
26 silly get   { date: 'Wed, 28 Sep 2016 22:01:42 GMT',
26 silly get     via: '1.1 varnish',
26 silly get     'cache-control': 'max-age=300',
26 silly get     etag: '"1W2W4362P9Z1ZY6EH4Y2QHAXF"',
26 silly get     age: '135',
26 silly get     connection: 'keep-alive',
26 silly get     'x-served-by': 'cache-bma7029-BMA',
26 silly get     'x-cache': 'HIT',
26 silly get     'x-cache-hits': '1',
26 silly get     'x-timer': 'S1475100102.668369,VS0,VE0',
26 silly get     vary: 'Accept-Encoding' } ]
27 verbose etag https://registry.npmjs.org/ssh2 from cache
28 verbose get saving ssh2 to /home/jonathan/.npm/registry.npmjs.org/ssh2/.cache.json
29 verbose correctMkdir /home/jonathan/.npm correctMkdir not in flight; initializing
30 silly addNameTag next cb for ssh2 with tag latest
31 silly addNamed ssh2@0.5.2
32 verbose addNamed "0.5.2" is a plain semver version for ssh2
33 silly cache afterAdd ssh2@0.5.2
34 verbose afterAdd /home/jonathan/.npm/ssh2/0.5.2/package/package.json not in flight; writing
35 verbose correctMkdir /home/jonathan/.npm correctMkdir not in flight; initializing
36 verbose afterAdd /home/jonathan/.npm/ssh2/0.5.2/package/package.json written
37 silly install resolved [ { name: 'ssh2',
37 silly install resolved     version: '0.5.2',
37 silly install resolved     author: { name: 'Brian White', email: 'mscdex@mscdex.net' },
37 silly install resolved     description: 'SSH2 client and server modules written in pure JavaScript for node.js',
37 silly install resolved     main: './lib/client',
37 silly install resolved     engines: { node: '>=0.10.0' },
37 silly install resolved     dependencies: { 'ssh2-streams': '~0.1.9' },
37 silly install resolved     devDependencies: { semver: '^5.1.0' },
37 silly install resolved     scripts: { test: 'node test/test.js' },
37 silly install resolved     keywords:
37 silly install resolved      [ 'ssh',
37 silly install resolved        'ssh2',
37 silly install resolved        'sftp',
37 silly install resolved        'secure',
37 silly install resolved        'shell',
37 silly install resolved        'exec',
37 silly install resolved        'remote',
37 silly install resolved        'client' ],
37 silly install resolved     licenses: [ [Object] ],
37 silly install resolved     repository: { type: 'git', url: 'git+ssh://git@github.com/mscdex/ssh2.git' },
37 silly install resolved     bugs: { url: 'https://github.com/mscdex/ssh2/issues' },
37 silly install resolved     homepage: 'https://github.com/mscdex/ssh2#readme',
37 silly install resolved     _id: 'ssh2@0.5.2',
37 silly install resolved     _shasum: '58ab2aaa96b796e28858f1de676054121607b69d',
37 silly install resolved     _resolved: 'https://registry.npmjs.org/ssh2/-/ssh2-0.5.2.tgz',
37 silly install resolved     _from: 'ssh2@latest',
37 silly install resolved     _npmVersion: '3.10.3',
37 silly install resolved     _nodeVersion: '6.5.0',
37 silly install resolved     _npmUser: { name: 'mscdex', email: 'mscdex@mscdex.net' },
37 silly install resolved     maintainers: [ [Object] ],
37 silly install resolved     dist:
37 silly install resolved      { shasum: '58ab2aaa96b796e28858f1de676054121607b69d',
37 silly install resolved        tarball: 'https://registry.npmjs.org/ssh2/-/ssh2-0.5.2.tgz' },
37 silly install resolved     _npmOperationalInternal:
37 silly install resolved      { host: 'packages-12-west.internal.npmjs.com',
37 silly install resolved        tmp: 'tmp/ssh2-0.5.2.tgz_1473889895320_0.9029133394360542' },
37 silly install resolved     directories: {},
37 silly install resolved     readme: 'ERROR: No README data found!' } ]
38 info install ssh2@0.5.2 into /usr/lib
39 info installOne ssh2@0.5.2
40 verbose installOne of ssh2 to /usr/lib not in flight; installing
41 verbose correctMkdir /home/jonathan/.npm/_locks correctMkdir not in flight; initializing
42 verbose lock using /home/jonathan/.npm/_locks/ssh2-6cedfd222599e536.lock for /usr/lib/node_modules/ssh2
43 silly install write writing ssh2 0.5.2 to /usr/lib/node_modules/ssh2
44 verbose unbuild lib/node_modules/ssh2
45 info preuninstall ssh2@0.5.2
46 info uninstall ssh2@0.5.2
47 verbose unbuild rmStuff ssh2@0.5.2 from /usr/lib/node_modules
48 info postuninstall ssh2@0.5.2
49 silly gentlyRm /usr/lib/node_modules/ssh2 is being purged from base /usr
50 verbose gentlyRm don't care about contents; nuking /usr/lib/node_modules/ssh2
51 silly vacuum-fs purging /usr/lib/node_modules/ssh2
52 verbose unlock done using /home/jonathan/.npm/_locks/ssh2-6cedfd222599e536.lock for /usr/lib/node_modules/ssh2
53 verbose stack Error: EACCES: permission denied, rmdir '/usr/lib/node_modules/ssh2'
53 verbose stack     at Error (native)
54 verbose cwd /home/jonathan/Projects/Web/Meteor/nerdekos
55 error Linux 4.4.0-24-generic
56 error argv "/usr/bin/nodejs" "/usr/bin/npm" "install" "-g" "ssh2"
57 error node v4.4.5
58 error npm  v2.15.5
59 error path /usr/lib/node_modules/ssh2
60 error code EACCES
61 error errno -13
62 error syscall rmdir
63 error Error: EACCES: permission denied, rmdir '/usr/lib/node_modules/ssh2'
63 error     at Error (native)
63 error  { [Error: EACCES: permission denied, rmdir '/usr/lib/node_modules/ssh2']
63 error   errno: -13,
63 error   code: 'EACCES',
63 error   syscall: 'rmdir',
63 error   path: '/usr/lib/node_modules/ssh2' }
64 error Please try running this command again as root/Administrator.
65 verbose exit [ -13, true ]
66 verbose unbuild lib/node_modules/ssh2
67 info preuninstall ssh2@0.5.2
68 info uninstall ssh2@0.5.2
69 verbose unbuild rmStuff ssh2@0.5.2 from /usr/lib/node_modules
70 info postuninstall ssh2@0.5.2
71 silly gentlyRm /usr/lib/node_modules/ssh2 is being purged from base /usr
72 verbose gentlyRm don't care about contents; nuking /usr/lib/node_modules/ssh2
73 silly vacuum-fs purging /usr/lib/node_modules/ssh2
74 error error rolling back Error: EACCES: permission denied, rmdir '/usr/lib/node_modules/ssh2'
74 error error rolling back     at Error (native)
74 error error rolling back  { [Error: EACCES: permission denied, rmdir '/usr/lib/node_modules/ssh2']
74 error error rolling back   errno: -13,
74 error error rolling back   code: 'EACCES',
74 error error rolling back   syscall: 'rmdir',
74 error error rolling back   path: '/usr/lib/node_modules/ssh2' }
